<?xml version="1.0" encoding="UTF-8"?>
<!-- Generated by org.testng.reporters.JUnitXMLReporter -->
<testsuite hostname="DESKTOP-8SPURV5" name="Default test" tests="56" failures="0" timestamp="23 Jun 2017 22:38:26 GMT" time="7.912" errors="0">
  <testcase name="testSearch1" time="1.369" classname="com.stg.bluckau.qa.TestChallengeFive"/>
  <testcase name="testSearch2" time="0.003" classname="com.stg.bluckau.qa.TestChallengeFive"/>
  <testcase name="testSearch2" time="0.0" classname="com.stg.bluckau.qa.TestChallengeFive"/>
  <testcase name="testSearch2" time="0.001" classname="com.stg.bluckau.qa.TestChallengeFive"/>
  <testcase name="testSearch2" time="0.001" classname="com.stg.bluckau.qa.TestChallengeFive"/>
  <testcase name="testSearch2" time="0.001" classname="com.stg.bluckau.qa.TestChallengeFive"/>
  <testcase name="testSearch2" time="0.001" classname="com.stg.bluckau.qa.TestChallengeFive"/>
  <testcase name="testSearch2" time="0.001" classname="com.stg.bluckau.qa.TestChallengeFive"/>
  <testcase name="testSearch2" time="0.001" classname="com.stg.bluckau.qa.TestChallengeFive"/>
  <testcase name="testSearch2" time="0.001" classname="com.stg.bluckau.qa.TestChallengeFive"/>
  <testcase name="testSearch2" time="0.001" classname="com.stg.bluckau.qa.TestChallengeFive"/>
  <testcase name="testSearch2" time="0.001" classname="com.stg.bluckau.qa.TestChallengeFive"/>
  <testcase name="testSearch2" time="0.001" classname="com.stg.bluckau.qa.TestChallengeFive"/>
  <testcase name="testSearch2" time="0.001" classname="com.stg.bluckau.qa.TestChallengeFive"/>
  <testcase name="testSearch2" time="0.001" classname="com.stg.bluckau.qa.TestChallengeFive"/>
  <testcase name="testSearch2" time="0.0" classname="com.stg.bluckau.qa.TestChallengeFive"/>
  <testcase name="testSearch2" time="0.001" classname="com.stg.bluckau.qa.TestChallengeFive"/>
  <testcase name="testSearch2" time="0.0" classname="com.stg.bluckau.qa.TestChallengeFive"/>
  <testcase name="testSearch2" time="0.0" classname="com.stg.bluckau.qa.TestChallengeFive"/>
  <testcase name="testSearch2" time="0.0" classname="com.stg.bluckau.qa.TestChallengeFive"/>
  <testcase name="testSearch2" time="0.001" classname="com.stg.bluckau.qa.TestChallengeFive"/>
  <testcase name="testSearch2" time="0.001" classname="com.stg.bluckau.qa.TestChallengeFive"/>
  <testcase name="testSearch2" time="0.001" classname="com.stg.bluckau.qa.TestChallengeFive"/>
  <testcase name="testSearch2" time="0.0" classname="com.stg.bluckau.qa.TestChallengeFive"/>
  <testcase name="testSearch2" time="0.0" classname="com.stg.bluckau.qa.TestChallengeFive"/>
  <testcase name="testSearch2" time="0.001" classname="com.stg.bluckau.qa.TestChallengeFive"/>
  <testcase name="testSearch2" time="0.0" classname="com.stg.bluckau.qa.TestChallengeFive"/>
  <testcase name="testSearch2" time="0.001" classname="com.stg.bluckau.qa.TestChallengeFive"/>
  <testcase name="testSearch2" time="0.0" classname="com.stg.bluckau.qa.TestChallengeFive"/>
  <testcase name="testSearch2" time="0.0" classname="com.stg.bluckau.qa.TestChallengeFive"/>
  <testcase name="testSearch2" time="0.001" classname="com.stg.bluckau.qa.TestChallengeFive"/>
  <testcase name="testSearch2" time="0.001" classname="com.stg.bluckau.qa.TestChallengeFive"/>
  <testcase name="testSearch2" time="0.001" classname="com.stg.bluckau.qa.TestChallengeFive"/>
  <testcase name="testSearch2" time="0.001" classname="com.stg.bluckau.qa.TestChallengeFive"/>
  <testcase name="testSearch2" time="0.001" classname="com.stg.bluckau.qa.TestChallengeFive"/>
  <testcase name="testSearch2" time="0.001" classname="com.stg.bluckau.qa.TestChallengeFive"/>
  <testcase name="testSearch2" time="0.001" classname="com.stg.bluckau.qa.TestChallengeFive"/>
  <testcase name="testSearch2" time="0.0" classname="com.stg.bluckau.qa.TestChallengeFive"/>
  <testcase name="testSearch2" time="0.0" classname="com.stg.bluckau.qa.TestChallengeFive"/>
  <testcase name="testSearch2" time="0.0" classname="com.stg.bluckau.qa.TestChallengeFive"/>
  <testcase name="testSearch2" time="0.0" classname="com.stg.bluckau.qa.TestChallengeFive"/>
  <testcase name="testSearch2" time="0.0" classname="com.stg.bluckau.qa.TestChallengeFive"/>
  <testcase name="testSearch2" time="0.0" classname="com.stg.bluckau.qa.TestChallengeFive"/>
  <testcase name="testSearch2" time="0.0" classname="com.stg.bluckau.qa.TestChallengeFive"/>
  <testcase name="testSearch2" time="0.001" classname="com.stg.bluckau.qa.TestChallengeFive"/>
  <testcase name="testSearch2" time="0.001" classname="com.stg.bluckau.qa.TestChallengeFive"/>
  <testcase name="testSearch2" time="0.001" classname="com.stg.bluckau.qa.TestChallengeFive"/>
  <testcase name="testSearch2" time="0.0" classname="com.stg.bluckau.qa.TestChallengeFive"/>
  <testcase name="testSearch2" time="0.0" classname="com.stg.bluckau.qa.TestChallengeFive"/>
  <testcase name="testSearch2" time="0.0" classname="com.stg.bluckau.qa.TestChallengeFive"/>
  <testcase name="testSearch2" time="0.0" classname="com.stg.bluckau.qa.TestChallengeFive"/>
  <testcase name="testSearch2" time="0.001" classname="com.stg.bluckau.qa.TestChallengeFive"/>
  <testcase name="testSearch2" time="0.0" classname="com.stg.bluckau.qa.TestChallengeFive"/>
  <testcase name="testSearch2" time="0.0" classname="com.stg.bluckau.qa.TestChallengeFive"/>
  <testcase name="testSearch2" time="0.001" classname="com.stg.bluckau.qa.TestChallengeFive"/>
  <testcase name="testSearch2" time="0.001" classname="com.stg.bluckau.qa.TestChallengeFive"/>
</testsuite> <!-- Default test -->
